This file contains any messages produced by compilers while
running configure, to aid debugging if configure makes a mistake.

It was created by configure, which was
generated by GNU Autoconf 2.61.  Invocation command line was

  $ ./configure --no-create --no-recursion

## --------- ##
## Platform. ##
## --------- ##

hostname = burns.amgen.com
uname -m = x86_64
uname -r = 2.6.18-194.8.1.el5
uname -s = Linux
uname -v = #1 SMP Wed Jun 23 10:52:51 EDT 2010

/usr/bin/uname -p = unknown
/bin/uname -X     = unknown

/bin/arch              = x86_64
/usr/bin/arch -k       = unknown
/usr/convex/getsysinfo = unknown
/usr/bin/hostinfo      = unknown
/bin/machine           = unknown
/usr/bin/oslevel       = unknown
/bin/universe          = unknown

PATH: /home/hbigelow/usr/bin
PATH: /home/hbigelow/bash
PATH: /home/hbigelow/usr/bin
PATH: /usr/kerberos/bin
PATH: /usr/lib64/ccache/bin
PATH: /usr/local/bin
PATH: /usr/bin
PATH: /bin
PATH: /usr/X11R6/bin


## ----------- ##
## Core tests. ##
## ----------- ##

configure:1737: checking for a BSD-compatible install
configure:1793: result: /usr/bin/install -c
configure:1804: checking whether build environment is sane
configure:1847: result: yes
configure:1912: checking for gawk
configure:1928: found /usr/bin/gawk
configure:1939: result: gawk
configure:1950: checking whether make sets $(MAKE)
configure:1971: result: yes
configure:2168: checking for style of include used by make
configure:2196: result: GNU
configure:2269: checking for gcc
configure:2285: found /usr/lib64/ccache/bin/gcc
configure:2296: result: gcc
configure:2534: checking for C compiler version
configure:2541: gcc --version >&5
gcc (GCC) 4.1.2 20080704 (Red Hat 4.1.2-44)
Copyright (C) 2006 Free Software Foundation, Inc.
This is free software; see the source for copying conditions.  There is NO
warranty; not even for MERCHANTABILITY or FITNESS FOR A PARTICULAR PURPOSE.

configure:2544: $? = 0
configure:2551: gcc -v >&5
Using built-in specs.
Target: x86_64-redhat-linux
Configured with: ../configure --prefix=/usr --mandir=/usr/share/man --infodir=/usr/share/info --enable-shared --enable-threads=posix --enable-checking=release --with-system-zlib --enable-__cxa_atexit --disable-libunwind-exceptions --enable-libgcj-multifile --enable-languages=c,c++,objc,obj-c++,java,fortran,ada --enable-java-awt=gtk --disable-dssi --enable-plugin --with-java-home=/usr/lib/jvm/java-1.4.2-gcj-1.4.2.0/jre --with-cpu=generic --host=x86_64-redhat-linux
Thread model: posix
gcc version 4.1.2 20080704 (Red Hat 4.1.2-44)
configure:2554: $? = 0
configure:2561: gcc -V >&5
gcc: '-V' option must have argument
configure:2564: $? = 1
configure:2587: checking for C compiler default output file name
configure:2614: gcc    conftest.c  >&5
configure:2617: $? = 0
configure:2655: result: a.out
configure:2672: checking whether the C compiler works
configure:2682: ./a.out
configure:2685: $? = 0
configure:2702: result: yes
configure:2709: checking whether we are cross compiling
configure:2711: result: no
configure:2714: checking for suffix of executables
configure:2721: gcc -o conftest    conftest.c  >&5
configure:2724: $? = 0
configure:2748: result: 
configure:2754: checking for suffix of object files
configure:2780: gcc -c   conftest.c >&5
configure:2783: $? = 0
configure:2806: result: o
configure:2810: checking whether we are using the GNU C compiler
configure:2839: gcc -c   conftest.c >&5
configure:2845: $? = 0
configure:2862: result: yes
configure:2867: checking whether gcc accepts -g
configure:2897: gcc -c -g  conftest.c >&5
configure:2903: $? = 0
configure:3002: result: yes
configure:3019: checking for gcc option to accept ISO C89
configure:3093: gcc  -c -g -O2  conftest.c >&5
configure:3099: $? = 0
configure:3122: result: none needed
configure:3142: checking dependency style of gcc
configure:3232: result: gcc3
configure:3254: checking how to run the C preprocessor
configure:3294: gcc -E  conftest.c
configure:3300: $? = 0
configure:3331: gcc -E  conftest.c
conftest.c:10:28: error: ac_nonexistent.h: No such file or directory
configure:3337: $? = 1
configure: failed program was:
| /* confdefs.h.  */
| #define PACKAGE_NAME ""
| #define PACKAGE_TARNAME ""
| #define PACKAGE_VERSION ""
| #define PACKAGE_STRING ""
| #define PACKAGE_BUGREPORT ""
| #define PACKAGE "cisortho"
| #define VERSION "0.9.1"
| /* end confdefs.h.  */
| #include <ac_nonexistent.h>
configure:3370: result: gcc -E
configure:3399: gcc -E  conftest.c
configure:3405: $? = 0
configure:3436: gcc -E  conftest.c
conftest.c:10:28: error: ac_nonexistent.h: No such file or directory
configure:3442: $? = 1
configure: failed program was:
| /* confdefs.h.  */
| #define PACKAGE_NAME ""
| #define PACKAGE_TARNAME ""
| #define PACKAGE_VERSION ""
| #define PACKAGE_STRING ""
| #define PACKAGE_BUGREPORT ""
| #define PACKAGE "cisortho"
| #define VERSION "0.9.1"
| /* end confdefs.h.  */
| #include <ac_nonexistent.h>
configure:3537: checking for g++
configure:3553: found /usr/lib64/ccache/bin/g++
configure:3564: result: g++
configure:3595: checking for C++ compiler version
configure:3602: g++ --version >&5
g++ (GCC) 4.1.2 20080704 (Red Hat 4.1.2-44)
Copyright (C) 2006 Free Software Foundation, Inc.
This is free software; see the source for copying conditions.  There is NO
warranty; not even for MERCHANTABILITY or FITNESS FOR A PARTICULAR PURPOSE.

configure:3605: $? = 0
configure:3612: g++ -v >&5
Using built-in specs.
Target: x86_64-redhat-linux
Configured with: ../configure --prefix=/usr --mandir=/usr/share/man --infodir=/usr/share/info --enable-shared --enable-threads=posix --enable-checking=release --with-system-zlib --enable-__cxa_atexit --disable-libunwind-exceptions --enable-libgcj-multifile --enable-languages=c,c++,objc,obj-c++,java,fortran,ada --enable-java-awt=gtk --disable-dssi --enable-plugin --with-java-home=/usr/lib/jvm/java-1.4.2-gcj-1.4.2.0/jre --with-cpu=generic --host=x86_64-redhat-linux
Thread model: posix
gcc version 4.1.2 20080704 (Red Hat 4.1.2-44)
configure:3615: $? = 0
configure:3622: g++ -V >&5
g++: '-V' option must have argument
configure:3625: $? = 1
configure:3628: checking whether we are using the GNU C++ compiler
configure:3657: g++ -c -O0 -ggdb3  conftest.cpp >&5
configure:3663: $? = 0
configure:3680: result: yes
configure:3685: checking whether g++ accepts -g
configure:3715: g++ -c -g  conftest.cpp >&5
configure:3721: $? = 0
configure:3820: result: yes
configure:3845: checking dependency style of g++
configure:3935: result: gcc3
configure:3965: checking for a BSD-compatible install
configure:4021: result: /usr/bin/install -c
configure:4032: checking whether ln -s works
configure:4036: result: yes
configure:4043: checking whether make sets $(MAKE)
configure:4064: result: yes
configure:4079: checking for --enable-debug
configure:4088: result: no
configure:4091: checking for --enable-profile
configure:4100: result: no
configure:4103: checking for --enable-stldebug
configure:4112: result: no
configure:4133: checking for an ANSI C-conforming const
configure:4208: gcc -c -g -O2  conftest.c >&5
configure:4214: $? = 0
configure:4229: result: yes
configure:4397: creating ./config.status

## ---------------- ##
## Cache variables. ##
## ---------------- ##

ac_cv_c_compiler_gnu=yes
ac_cv_c_const=yes
ac_cv_cxx_compiler_gnu=yes
ac_cv_env_CCC_set=
ac_cv_env_CCC_value=
ac_cv_env_CC_set=
ac_cv_env_CC_value=
ac_cv_env_CFLAGS_set=
ac_cv_env_CFLAGS_value=
ac_cv_env_CPPFLAGS_set=
ac_cv_env_CPPFLAGS_value=
ac_cv_env_CPP_set=
ac_cv_env_CPP_value=
ac_cv_env_CXXFLAGS_set=set
ac_cv_env_CXXFLAGS_value='-O0 -ggdb3'
ac_cv_env_CXX_set=
ac_cv_env_CXX_value=
ac_cv_env_LDFLAGS_set=
ac_cv_env_LDFLAGS_value=
ac_cv_env_LIBS_set=
ac_cv_env_LIBS_value=
ac_cv_env_build_alias_set=
ac_cv_env_build_alias_value=
ac_cv_env_host_alias_set=
ac_cv_env_host_alias_value=
ac_cv_env_target_alias_set=
ac_cv_env_target_alias_value=
ac_cv_objext=o
ac_cv_path_install='/usr/bin/install -c'
ac_cv_prog_AWK=gawk
ac_cv_prog_CPP='gcc -E'
ac_cv_prog_ac_ct_CC=gcc
ac_cv_prog_ac_ct_CXX=g++
ac_cv_prog_cc_c89=
ac_cv_prog_cc_g=yes
ac_cv_prog_cxx_g=yes
ac_cv_prog_make_make_set=yes
am_cv_CC_dependencies_compiler_type=gcc3
am_cv_CXX_dependencies_compiler_type=gcc3

## ----------------- ##
## Output variables. ##
## ----------------- ##

ACLOCAL='${SHELL} /home/hbigelow/cc/samutil/cisortho/missing --run aclocal-1.9'
AMDEPBACKSLASH='\'
AMDEP_FALSE='#'
AMDEP_TRUE=''
AMTAR='${SHELL} /home/hbigelow/cc/samutil/cisortho/missing --run tar'
AUTOCONF='${SHELL} /home/hbigelow/cc/samutil/cisortho/missing --run autoconf'
AUTOHEADER='${SHELL} /home/hbigelow/cc/samutil/cisortho/missing --run autoheader'
AUTOMAKE='${SHELL} /home/hbigelow/cc/samutil/cisortho/missing --run automake-1.9'
AWK='gawk'
CC='gcc'
CCDEPMODE='depmode=gcc3'
CFLAGS='-g -O2'
CPP='gcc -E'
CPPFLAGS=''
CXX='g++'
CXXDEPMODE='depmode=gcc3'
CXXFLAGS=' -Wall -O3 -DNDEBUG'
CYGPATH_W='echo'
DEFS='-DPACKAGE_NAME=\"\" -DPACKAGE_TARNAME=\"\" -DPACKAGE_VERSION=\"\" -DPACKAGE_STRING=\"\" -DPACKAGE_BUGREPORT=\"\" -DPACKAGE=\"cisortho\" -DVERSION=\"0.9.1\"'
DEPDIR='.deps'
ECHO_C=''
ECHO_N='-n'
ECHO_T=''
EXEEXT=''
INCLUDES=''
INSTALL_DATA='${INSTALL} -m 644'
INSTALL_PROGRAM='${INSTALL}'
INSTALL_SCRIPT='${INSTALL}'
INSTALL_STRIP_PROGRAM='${SHELL} $(install_sh) -c -s'
LDFLAGS=''
LIBOBJS=''
LIBS=''
LN_S='ln -s'
LTLIBOBJS=''
MAKEINFO='${SHELL} /home/hbigelow/cc/samutil/cisortho/missing --run makeinfo'
OBJEXT='o'
PACKAGE='cisortho'
PACKAGE_BUGREPORT=''
PACKAGE_NAME=''
PACKAGE_STRING=''
PACKAGE_TARNAME=''
PACKAGE_VERSION=''
PATH_SEPARATOR=':'
SET_MAKE=''
SHELL='/bin/sh'
STRIP=''
VERSION='0.9.1'
ac_ct_CC='gcc'
ac_ct_CXX='g++'
am__fastdepCC_FALSE='#'
am__fastdepCC_TRUE=''
am__fastdepCXX_FALSE='#'
am__fastdepCXX_TRUE=''
am__include='include'
am__leading_dot='.'
am__quote=''
am__tar='${AMTAR} chof - "$$tardir"'
am__untar='${AMTAR} xf -'
bindir='${exec_prefix}/bin'
build_alias=''
datadir='${datarootdir}'
datarootdir='${prefix}/share'
docdir='${datarootdir}/doc/${PACKAGE}'
dvidir='${docdir}'
exec_prefix='${prefix}'
host_alias=''
htmldir='${docdir}'
includedir='${prefix}/include'
infodir='${datarootdir}/info'
install_sh='/home/hbigelow/cc/samutil/cisortho/install-sh'
libdir='${exec_prefix}/lib'
libexecdir='${exec_prefix}/libexec'
localedir='${datarootdir}/locale'
localstatedir='${prefix}/var'
mandir='${datarootdir}/man'
mkdir_p='mkdir -p --'
oldincludedir='/usr/include'
pdfdir='${docdir}'
prefix='/usr/local'
program_transform_name='s,x,x,'
psdir='${docdir}'
sbindir='${exec_prefix}/sbin'
sharedstatedir='${prefix}/com'
sysconfdir='${prefix}/etc'
target_alias=''

## ----------- ##
## confdefs.h. ##
## ----------- ##

#define PACKAGE_NAME ""
#define PACKAGE_TARNAME ""
#define PACKAGE_VERSION ""
#define PACKAGE_STRING ""
#define PACKAGE_BUGREPORT ""
#define PACKAGE "cisortho"
#define VERSION "0.9.1"

configure: exit 0

## ---------------------- ##
## Running config.status. ##
## ---------------------- ##

This file was extended by config.status, which was
generated by GNU Autoconf 2.61.  Invocation command line was

  CONFIG_FILES    = 
  CONFIG_HEADERS  = 
  CONFIG_LINKS    = 
  CONFIG_COMMANDS = 
  $ ./config.status 

on burns.amgen.com

config.status:622: creating Makefile
config.status:807: executing depfiles commands
